15:22:58 -     INFO - wally           - All info would be stored into /var/wally_results/nonturbinated_fernanda
15:22:58 -     INFO - wally           - Start discover_stage
15:22:58 -     INFO - wally           - Start reuse_vms_stage
15:22:58 -     INFO - wally           - Start log_nodes_statistic_stage
15:22:58 -     INFO - wally           - Found 1 nodes total
15:22:58 -    DEBUG - wally           - Found 1 nodes with role testnode
15:22:58 -     INFO - wally           - Start save_nodes_stage
15:22:58 -     INFO - wally           - Start connect_stage
15:22:58 -     INFO - wally           - Connecting to nodes
15:23:00 -     INFO - wally           - All nodes connected successfully
15:23:00 -     INFO - wally           - Start run_tests_stage
15:23:00 -    DEBUG - wally           - Run preparation
15:23:00 -    ERROR - wally           - Failed to create folder /tmp/wally/nonturbinated_fernanda/io on remote 162.243.94.217:22. Error: SSH:162.243.94.217:22 Cmd 'sudo mkdir -p "/tmp/wally/nonturbinated_fernanda/io" ; sudo chown root /tmp/wally/nonturbinated_fernanda/io' failed with code 1. Output: sudo: sorry, you must have a tty to run sudo
sudo: sorry, you must have a tty to run sudo
Traceback (most recent call last):
  File "/usr/local/lib/python2.7/dist-packages/wally/suits/io/fio.py", line 657, in pre_run_th
    rossh(cmd, nolog=True)
  File "/usr/local/lib/python2.7/dist-packages/wally/suits/itest.py", line 204, in closure
    **kwargs)
  File "/usr/local/lib/python2.7/dist-packages/wally/ssh_utils.py", line 543, in run_over_ssh
    raise OSError(templ.format(node, cmd, code, output))
OSError: SSH:162.243.94.217:22 Cmd 'sudo mkdir -p "/tmp/wally/nonturbinated_fernanda/io" ; sudo chown root /tmp/wally/nonturbinated_fernanda/io' failed with code 1. Output: sudo: sorry, you must have a tty to run sudo
sudo: sorry, you must have a tty to run sudo

15:23:00 -    ERROR - wally           - XXXX
Traceback (most recent call last):
  File "/usr/local/lib/python2.7/dist-packages/wally/suits/io/fio.py", line 666, in pre_run_th
    raise StopTestError(msg, exc)
StopTestError: Failed to create folder /tmp/wally/nonturbinated_fernanda/io on remote 162.243.94.217:22. Error: SSH:162.243.94.217:22 Cmd 'sudo mkdir -p "/tmp/wally/nonturbinated_fernanda/io" ; sudo chown root /tmp/wally/nonturbinated_fernanda/io' failed with code 1. Output: sudo: sorry, you must have a tty to run sudo
sudo: sorry, you must have a tty to run sudo

15:23:00 -    ERROR - wally           - Exception during run_tests_stage: Failed to create folder /tmp/wally/nonturbinated_fernanda/io on remote 162.243.94.217:22. Error: SSH:162.243.94.217:22 Cmd 'sudo mkdir -p "/tmp/wally/nonturbinated_fernanda/io" ; sudo chown root /tmp/wally/nonturbinated_fernanda/io' failed with code 1. Output: sudo: sorry, you must have a tty to run sudo
sudo: sorry, you must have a tty to run sudo

15:23:00 -     INFO - wally           - Start disconnect_stage
15:23:00 -    DEBUG - wally           - Start utils.cleanup
15:23:00 -     INFO - wally           - All info stored into /var/wally_results/nonturbinated_fernanda
15:23:00 -    ERROR - wally           - Tests are failed. See detailed error above
